<?xml version="1.0" ?>
<testsuites>
    <testsuite name="sprint_1" tests="2" failures="1" errors="0" skipped="0">
        <testcase classname="test_case_1.py" name="Validate Reset Functionality" time="48.17391">
            <failure message="Validate Reset Functionality">Test case failed</failure>
        </testcase>
        <testcase classname="test_case_2.py" name="Checkout Process Validation" time="74.936567">
            <system-out>Success</system-out>
        </testcase>
    </testsuite>
    <testsuite name="sprint_2" tests="2" failures="0" errors="0" skipped="0">
        <testcase classname="test_case_1.py" name="E2E Checkout Flow" time="85.703261">
            <system-out>Success</system-out>
        </testcase>
        <testcase classname="test_case_2.py" name="Add Items to Cart" time="38.122674">
            <system-out>Success</system-out>
        </testcase>
    </testsuite>
</testsuites>
